2013-12-22 20:27:09,877 - 
2013-12-22 20:27:09,916 - DfFlutistLog4JLogSystem initialized using logfile './log/velocity.log'
2013-12-22 20:27:09,917 - ************************************************************** 
2013-12-22 20:27:09,917 - Starting Jakarta Velocity v1.3.1
2013-12-22 20:27:09,917 - RuntimeInstance initializing.
2013-12-22 20:27:09,917 - Default Properties File: org/apache/velocity/runtime/defaults/velocity.properties
2013-12-22 20:27:09,917 - Trying to use logger class org.seasar.dbflute.friends.velocity.DfFlutistLog4JLogSystem
2013-12-22 20:27:09,917 - Using logger class org.seasar.dbflute.friends.velocity.DfFlutistLog4JLogSystem
2013-12-22 20:27:09,919 - Default ResourceManager initializing. (class org.apache.velocity.runtime.resource.ResourceManagerImpl)
2013-12-22 20:27:09,922 - Resource Loader Instantiated: org.apache.velocity.runtime.resource.loader.FileResourceLoader
2013-12-22 20:27:09,922 - FileResourceLoader : initialization starting.
2013-12-22 20:27:09,922 - FileResourceLoader : adding path '/Users/heikyo/Documents/workspace/twitter_sample/mydbflute/dbflute-1.0.5A/templates'
2013-12-22 20:27:09,922 - FileResourceLoader : initialization complete.
2013-12-22 20:27:09,923 - ResourceCache : initialized. (class org.apache.velocity.runtime.resource.ResourceCacheImpl)
2013-12-22 20:27:09,923 - Default ResourceManager initialization complete.
2013-12-22 20:27:09,924 - Loaded System Directive: org.apache.velocity.runtime.directive.Literal
2013-12-22 20:27:09,929 - Loaded System Directive: org.apache.velocity.runtime.directive.Macro
2013-12-22 20:27:09,930 - Loaded System Directive: org.apache.velocity.runtime.directive.Parse
2013-12-22 20:27:09,933 - Loaded System Directive: org.apache.velocity.runtime.directive.Include
2013-12-22 20:27:09,934 - Loaded System Directive: org.apache.velocity.runtime.directive.Foreach
2013-12-22 20:27:09,972 - Created: 20 parsers.
2013-12-22 20:27:09,972 - Velocimacro : initialization starting.
2013-12-22 20:27:09,972 - Velocimacro : adding VMs from VM library template : VM_global_library.vm
2013-12-22 20:27:09,975 - ResourceManager : unable to find resource 'VM_global_library.vm' in any resource loader.
2013-12-22 20:27:09,975 - Velocimacro : error using  VM library template VM_global_library.vm : org.apache.velocity.exception.ResourceNotFoundException: Unable to find resource 'VM_global_library.vm'
2013-12-22 20:27:09,975 - Velocimacro :  VM library template macro registration complete.
2013-12-22 20:27:09,975 - Velocimacro : allowInline = true : VMs can be defined inline in templates
2013-12-22 20:27:09,975 - Velocimacro : allowInlineToOverride = false : VMs defined inline may NOT replace previous VM definitions
2013-12-22 20:27:09,975 - Velocimacro : allowInlineLocal = false : VMs defined inline will be  global in scope if allowed.
2013-12-22 20:27:09,975 - Velocimacro : messages on  : VM system will output logging messages
2013-12-22 20:27:09,975 - Velocimacro : autoload off  : VM system will not automatically reload global library macros
2013-12-22 20:27:09,975 - Velocimacro : initialization complete.
2013-12-22 20:27:09,975 - Velocity successfully started.
2013-12-22 20:27:10,323 - ResourceManager : found om/ControlGenerateJava.vm with loader org.apache.velocity.runtime.resource.loader.FileResourceLoader
2013-12-22 20:27:10,608 - ResourceManager : found om/java/allcommon/DBCurrent.vm with loader org.apache.velocity.runtime.resource.loader.FileResourceLoader
2013-12-22 20:27:10,648 - ResourceManager : found om/java/allcommon/DBFluteConfig.vm with loader org.apache.velocity.runtime.resource.loader.FileResourceLoader
2013-12-22 20:27:10,654 - org.apache.velocity.runtime.exception.ReferenceException: reference : template = om/java/allcommon/DBFluteConfig.vm [line 148,column 41] : $df is not a valid reference.
2013-12-22 20:27:10,655 - org.apache.velocity.runtime.exception.ReferenceException: reference : template = om/java/allcommon/DBFluteConfig.vm [line 149,column 46] : $df is not a valid reference.
2013-12-22 20:27:10,655 - org.apache.velocity.runtime.exception.ReferenceException: reference : template = om/java/allcommon/DBFluteConfig.vm [line 902,column 59] : $PoolGuardConnectionWrapper is not a valid reference.
2013-12-22 20:27:10,664 - ResourceManager : found om/java/allcommon/DBFluteInitializer.vm with loader org.apache.velocity.runtime.resource.loader.FileResourceLoader
2013-12-22 20:27:10,671 - ResourceManager : found om/java/allcommon/DBMetaInstanceHandler.vm with loader org.apache.velocity.runtime.resource.loader.FileResourceLoader
2013-12-22 20:27:10,703 - ResourceManager : found om/java/allcommon/EntityDefinedCommonColumn.vm with loader org.apache.velocity.runtime.resource.loader.FileResourceLoader
2013-12-22 20:27:10,712 - ResourceManager : found om/java/allcommon/ImplementedBehaviorSelector.vm with loader org.apache.velocity.runtime.resource.loader.FileResourceLoader
2013-12-22 20:27:10,722 - ResourceManager : found om/java/allcommon/ImplementedCommonColumnAutoSetupper.vm with loader org.apache.velocity.runtime.resource.loader.FileResourceLoader
2013-12-22 20:27:10,730 - ResourceManager : found om/java/allcommon/ImplementedInvokerAssistant.vm with loader org.apache.velocity.runtime.resource.loader.FileResourceLoader
2013-12-22 20:27:10,737 - ResourceManager : found om/java/allcommon/ImplementedSqlClauseCreator.vm with loader org.apache.velocity.runtime.resource.loader.FileResourceLoader
2013-12-22 20:27:10,753 - ResourceManager : found om/java/allcommon/container/seasar/DBFluteDicon.vm with loader org.apache.velocity.runtime.resource.loader.FileResourceLoader
2013-12-22 20:27:10,811 - org.apache.velocity.runtime.exception.ReferenceException: reference : template = om/ControlGenerateJava.vm [line 1,column 1] : ${glPackageExtendedDao} is not a valid reference.
2013-12-22 20:27:10,811 - org.apache.velocity.runtime.exception.ReferenceException: reference : template = om/ControlGenerateJava.vm [line 1,column 1] : ${glPackageBaseDao} is not a valid reference.
2013-12-22 20:27:10,895 - ResourceManager : found om/java/bsbhv/BaseBhv.vm with loader org.apache.velocity.runtime.resource.loader.FileResourceLoader
2013-12-22 20:27:10,980 - ResourceManager : found om/java/bsentity/BaseEntity.vm with loader org.apache.velocity.runtime.resource.loader.FileResourceLoader
2013-12-22 20:27:11,064 - ResourceManager : found om/java/bsentity/dbmeta/DBMetaImpl.vm with loader org.apache.velocity.runtime.resource.loader.FileResourceLoader
2013-12-22 20:27:11,079 - ResourceManager : found om/java/exbhv/ExtendedBhv.vm with loader org.apache.velocity.runtime.resource.loader.FileResourceLoader
2013-12-22 20:27:11,084 - ResourceManager : found om/java/exentity/ExtendedEntity.vm with loader org.apache.velocity.runtime.resource.loader.FileResourceLoader
2013-12-22 20:27:11,109 - ResourceManager : found om/java/cbean/BsConditionBean.vm with loader org.apache.velocity.runtime.resource.loader.FileResourceLoader
2013-12-22 20:27:11,254 - ResourceManager : found om/java/cbean/AbstractBsConditionQuery.vm with loader org.apache.velocity.runtime.resource.loader.FileResourceLoader
2013-12-22 20:27:11,305 - ResourceManager : found om/java/cbean/BsConditionInlineQuery.vm with loader org.apache.velocity.runtime.resource.loader.FileResourceLoader
2013-12-22 20:27:11,373 - ResourceManager : found om/java/cbean/BsConditionQuery.vm with loader org.apache.velocity.runtime.resource.loader.FileResourceLoader
2013-12-22 20:27:11,439 - ResourceManager : found om/java/cbean/NestSelectSetupper.vm with loader org.apache.velocity.runtime.resource.loader.FileResourceLoader
2013-12-22 20:27:11,444 - ResourceManager : found om/java/cbean/ExConditionBean.vm with loader org.apache.velocity.runtime.resource.loader.FileResourceLoader
2013-12-22 20:27:11,448 - ResourceManager : found om/java/cbean/ExConditionQuery.vm with loader org.apache.velocity.runtime.resource.loader.FileResourceLoader
2013-12-22 20:27:11,450 - org.apache.velocity.runtime.exception.ReferenceException: reference : template = om/ControlGenerateJava.vm [line 1,column 1] : ${glPackageExtendedDao} is not a valid reference.
2013-12-22 20:27:11,451 - org.apache.velocity.runtime.exception.ReferenceException: reference : template = om/ControlGenerateJava.vm [line 1,column 1] : ${glPackageBaseDao} is not a valid reference.
2013-12-22 20:27:11,486 - ResourceManager : found om/java/bsbhv/BaseBhv.vm with loader org.apache.velocity.runtime.resource.loader.FileResourceLoader
2013-12-22 20:27:11,526 - ResourceManager : found om/java/bsentity/BaseEntity.vm with loader org.apache.velocity.runtime.resource.loader.FileResourceLoader
2013-12-22 20:27:11,559 - ResourceManager : found om/java/bsentity/dbmeta/DBMetaImpl.vm with loader org.apache.velocity.runtime.resource.loader.FileResourceLoader
2013-12-22 20:27:11,577 - ResourceManager : found om/java/exbhv/ExtendedBhv.vm with loader org.apache.velocity.runtime.resource.loader.FileResourceLoader
2013-12-22 20:27:11,579 - ResourceManager : found om/java/exentity/ExtendedEntity.vm with loader org.apache.velocity.runtime.resource.loader.FileResourceLoader
2013-12-22 20:27:11,604 - ResourceManager : found om/java/cbean/BsConditionBean.vm with loader org.apache.velocity.runtime.resource.loader.FileResourceLoader
2013-12-22 20:27:11,646 - ResourceManager : found om/java/cbean/AbstractBsConditionQuery.vm with loader org.apache.velocity.runtime.resource.loader.FileResourceLoader
2013-12-22 20:27:11,648 - RHS of #set statement is null. Context will not be modified. om/java/cbean/AbstractBsConditionQuery.vm [line 66, column 1]
2013-12-22 20:27:11,670 - RHS of #set statement is null. Context will not be modified. om/java/cbean/AbstractBsConditionQuery.vm [line 66, column 1]
2013-12-22 20:27:11,676 - RHS of #set statement is null. Context will not be modified. om/java/cbean/AbstractBsConditionQuery.vm [line 66, column 1]
2013-12-22 20:27:11,701 - ResourceManager : found om/java/cbean/BsConditionInlineQuery.vm with loader org.apache.velocity.runtime.resource.loader.FileResourceLoader
2013-12-22 20:27:11,702 - RHS of #set statement is null. Context will not be modified. om/java/cbean/BsConditionInlineQuery.vm [line 92, column 1]
2013-12-22 20:27:11,705 - RHS of #set statement is null. Context will not be modified. om/java/cbean/BsConditionInlineQuery.vm [line 92, column 1]
2013-12-22 20:27:11,705 - RHS of #set statement is null. Context will not be modified. om/java/cbean/BsConditionInlineQuery.vm [line 92, column 1]
2013-12-22 20:27:11,732 - ResourceManager : found om/java/cbean/BsConditionQuery.vm with loader org.apache.velocity.runtime.resource.loader.FileResourceLoader
2013-12-22 20:27:11,733 - RHS of #set statement is null. Context will not be modified. om/java/cbean/BsConditionQuery.vm [line 93, column 1]
2013-12-22 20:27:11,737 - RHS of #set statement is null. Context will not be modified. om/java/cbean/BsConditionQuery.vm [line 93, column 1]
2013-12-22 20:27:11,737 - RHS of #set statement is null. Context will not be modified. om/java/cbean/BsConditionQuery.vm [line 93, column 1]
2013-12-22 20:27:11,748 - ResourceManager : found om/java/cbean/NestSelectSetupper.vm with loader org.apache.velocity.runtime.resource.loader.FileResourceLoader
2013-12-22 20:27:11,752 - ResourceManager : found om/java/cbean/ExConditionBean.vm with loader org.apache.velocity.runtime.resource.loader.FileResourceLoader
2013-12-22 20:27:11,754 - ResourceManager : found om/java/cbean/ExConditionQuery.vm with loader org.apache.velocity.runtime.resource.loader.FileResourceLoader
2013-12-22 20:27:11,756 - org.apache.velocity.runtime.exception.ReferenceException: reference : template = om/ControlGenerateJava.vm [line 1,column 1] : ${glPackageExtendedDao} is not a valid reference.
2013-12-22 20:27:11,756 - org.apache.velocity.runtime.exception.ReferenceException: reference : template = om/ControlGenerateJava.vm [line 1,column 1] : ${glPackageBaseDao} is not a valid reference.
2013-12-22 20:27:11,801 - ResourceManager : found om/java/bsbhv/BaseBhv.vm with loader org.apache.velocity.runtime.resource.loader.FileResourceLoader
2013-12-22 20:27:11,855 - ResourceManager : found om/java/bsentity/BaseEntity.vm with loader org.apache.velocity.runtime.resource.loader.FileResourceLoader
2013-12-22 20:27:11,895 - ResourceManager : found om/java/bsentity/dbmeta/DBMetaImpl.vm with loader org.apache.velocity.runtime.resource.loader.FileResourceLoader
2013-12-22 20:27:11,908 - ResourceManager : found om/java/exbhv/ExtendedBhv.vm with loader org.apache.velocity.runtime.resource.loader.FileResourceLoader
2013-12-22 20:27:11,910 - ResourceManager : found om/java/exentity/ExtendedEntity.vm with loader org.apache.velocity.runtime.resource.loader.FileResourceLoader
2013-12-22 20:27:11,923 - ResourceManager : found om/java/cbean/BsConditionBean.vm with loader org.apache.velocity.runtime.resource.loader.FileResourceLoader
2013-12-22 20:27:11,973 - ResourceManager : found om/java/cbean/AbstractBsConditionQuery.vm with loader org.apache.velocity.runtime.resource.loader.FileResourceLoader
2013-12-22 20:27:11,974 - RHS of #set statement is null. Context will not be modified. om/java/cbean/AbstractBsConditionQuery.vm [line 66, column 1]
2013-12-22 20:27:12,023 - RHS of #set statement is null. Context will not be modified. om/java/cbean/AbstractBsConditionQuery.vm [line 66, column 1]
2013-12-22 20:27:12,027 - RHS of #set statement is null. Context will not be modified. om/java/cbean/AbstractBsConditionQuery.vm [line 66, column 1]
2013-12-22 20:27:12,031 - RHS of #set statement is null. Context will not be modified. om/java/cbean/AbstractBsConditionQuery.vm [line 66, column 1]
2013-12-22 20:27:12,034 - RHS of #set statement is null. Context will not be modified. om/java/cbean/AbstractBsConditionQuery.vm [line 66, column 1]
2013-12-22 20:27:12,054 - ResourceManager : found om/java/cbean/BsConditionInlineQuery.vm with loader org.apache.velocity.runtime.resource.loader.FileResourceLoader
2013-12-22 20:27:12,054 - RHS of #set statement is null. Context will not be modified. om/java/cbean/BsConditionInlineQuery.vm [line 92, column 1]
2013-12-22 20:27:12,069 - RHS of #set statement is null. Context will not be modified. om/java/cbean/BsConditionInlineQuery.vm [line 92, column 1]
2013-12-22 20:27:12,069 - RHS of #set statement is null. Context will not be modified. om/java/cbean/BsConditionInlineQuery.vm [line 92, column 1]
2013-12-22 20:27:12,069 - RHS of #set statement is null. Context will not be modified. om/java/cbean/BsConditionInlineQuery.vm [line 92, column 1]
2013-12-22 20:27:12,069 - RHS of #set statement is null. Context will not be modified. om/java/cbean/BsConditionInlineQuery.vm [line 92, column 1]
2013-12-22 20:27:12,098 - ResourceManager : found om/java/cbean/BsConditionQuery.vm with loader org.apache.velocity.runtime.resource.loader.FileResourceLoader
2013-12-22 20:27:12,099 - RHS of #set statement is null. Context will not be modified. om/java/cbean/BsConditionQuery.vm [line 93, column 1]
2013-12-22 20:27:12,114 - RHS of #set statement is null. Context will not be modified. om/java/cbean/BsConditionQuery.vm [line 93, column 1]
2013-12-22 20:27:12,114 - RHS of #set statement is null. Context will not be modified. om/java/cbean/BsConditionQuery.vm [line 93, column 1]
2013-12-22 20:27:12,115 - RHS of #set statement is null. Context will not be modified. om/java/cbean/BsConditionQuery.vm [line 93, column 1]
2013-12-22 20:27:12,115 - RHS of #set statement is null. Context will not be modified. om/java/cbean/BsConditionQuery.vm [line 93, column 1]
2013-12-22 20:27:12,118 - ResourceManager : found om/java/cbean/NestSelectSetupper.vm with loader org.apache.velocity.runtime.resource.loader.FileResourceLoader
2013-12-22 20:27:12,120 - ResourceManager : found om/java/cbean/ExConditionBean.vm with loader org.apache.velocity.runtime.resource.loader.FileResourceLoader
2013-12-22 20:27:12,121 - ResourceManager : found om/java/cbean/ExConditionQuery.vm with loader org.apache.velocity.runtime.resource.loader.FileResourceLoader
2013-12-22 21:53:27,367 - 
2013-12-22 21:53:27,419 - DfFlutistLog4JLogSystem initialized using logfile './log/velocity.log'
2013-12-22 21:53:27,419 - ************************************************************** 
2013-12-22 21:53:27,419 - Starting Jakarta Velocity v1.3.1
2013-12-22 21:53:27,419 - RuntimeInstance initializing.
2013-12-22 21:53:27,419 - Default Properties File: org/apache/velocity/runtime/defaults/velocity.properties
2013-12-22 21:53:27,419 - Trying to use logger class org.seasar.dbflute.friends.velocity.DfFlutistLog4JLogSystem
2013-12-22 21:53:27,420 - Using logger class org.seasar.dbflute.friends.velocity.DfFlutistLog4JLogSystem
2013-12-22 21:53:27,422 - Default ResourceManager initializing. (class org.apache.velocity.runtime.resource.ResourceManagerImpl)
2013-12-22 21:53:27,426 - Resource Loader Instantiated: org.apache.velocity.runtime.resource.loader.FileResourceLoader
2013-12-22 21:53:27,426 - FileResourceLoader : initialization starting.
2013-12-22 21:53:27,426 - FileResourceLoader : adding path '/Users/heikyo/Documents/workspace/twitter_sample/mydbflute/dbflute-1.0.5A/templates'
2013-12-22 21:53:27,426 - FileResourceLoader : initialization complete.
2013-12-22 21:53:27,428 - ResourceCache : initialized. (class org.apache.velocity.runtime.resource.ResourceCacheImpl)
2013-12-22 21:53:27,428 - Default ResourceManager initialization complete.
2013-12-22 21:53:27,438 - Loaded System Directive: org.apache.velocity.runtime.directive.Literal
2013-12-22 21:53:27,439 - Loaded System Directive: org.apache.velocity.runtime.directive.Macro
2013-12-22 21:53:27,440 - Loaded System Directive: org.apache.velocity.runtime.directive.Parse
2013-12-22 21:53:27,442 - Loaded System Directive: org.apache.velocity.runtime.directive.Include
2013-12-22 21:53:27,443 - Loaded System Directive: org.apache.velocity.runtime.directive.Foreach
2013-12-22 21:53:27,506 - Created: 20 parsers.
2013-12-22 21:53:27,506 - Velocimacro : initialization starting.
2013-12-22 21:53:27,506 - Velocimacro : adding VMs from VM library template : VM_global_library.vm
2013-12-22 21:53:27,508 - ResourceManager : unable to find resource 'VM_global_library.vm' in any resource loader.
2013-12-22 21:53:27,508 - Velocimacro : error using  VM library template VM_global_library.vm : org.apache.velocity.exception.ResourceNotFoundException: Unable to find resource 'VM_global_library.vm'
2013-12-22 21:53:27,508 - Velocimacro :  VM library template macro registration complete.
2013-12-22 21:53:27,509 - Velocimacro : allowInline = true : VMs can be defined inline in templates
2013-12-22 21:53:27,509 - Velocimacro : allowInlineToOverride = false : VMs defined inline may NOT replace previous VM definitions
2013-12-22 21:53:27,509 - Velocimacro : allowInlineLocal = false : VMs defined inline will be  global in scope if allowed.
2013-12-22 21:53:27,509 - Velocimacro : messages on  : VM system will output logging messages
2013-12-22 21:53:27,509 - Velocimacro : autoload off  : VM system will not automatically reload global library macros
2013-12-22 21:53:27,509 - Velocimacro : initialization complete.
2013-12-22 21:53:27,509 - Velocity successfully started.
2013-12-22 21:53:27,866 - ResourceManager : found om/ControlGenerateJava.vm with loader org.apache.velocity.runtime.resource.loader.FileResourceLoader
2013-12-22 21:53:28,078 - ResourceManager : found om/java/allcommon/DBCurrent.vm with loader org.apache.velocity.runtime.resource.loader.FileResourceLoader
2013-12-22 21:53:28,125 - ResourceManager : found om/java/allcommon/DBFluteConfig.vm with loader org.apache.velocity.runtime.resource.loader.FileResourceLoader
2013-12-22 21:53:28,171 - org.apache.velocity.runtime.exception.ReferenceException: reference : template = om/java/allcommon/DBFluteConfig.vm [line 148,column 41] : $df is not a valid reference.
2013-12-22 21:53:28,171 - org.apache.velocity.runtime.exception.ReferenceException: reference : template = om/java/allcommon/DBFluteConfig.vm [line 149,column 46] : $df is not a valid reference.
2013-12-22 21:53:28,171 - org.apache.velocity.runtime.exception.ReferenceException: reference : template = om/java/allcommon/DBFluteConfig.vm [line 902,column 59] : $PoolGuardConnectionWrapper is not a valid reference.
2013-12-22 21:53:28,192 - ResourceManager : found om/java/allcommon/DBFluteInitializer.vm with loader org.apache.velocity.runtime.resource.loader.FileResourceLoader
2013-12-22 21:53:28,198 - ResourceManager : found om/java/allcommon/DBMetaInstanceHandler.vm with loader org.apache.velocity.runtime.resource.loader.FileResourceLoader
2013-12-22 21:53:28,286 - ResourceManager : found om/java/allcommon/EntityDefinedCommonColumn.vm with loader org.apache.velocity.runtime.resource.loader.FileResourceLoader
2013-12-22 21:53:28,299 - ResourceManager : found om/java/allcommon/ImplementedBehaviorSelector.vm with loader org.apache.velocity.runtime.resource.loader.FileResourceLoader
2013-12-22 21:53:28,323 - ResourceManager : found om/java/allcommon/ImplementedCommonColumnAutoSetupper.vm with loader org.apache.velocity.runtime.resource.loader.FileResourceLoader
2013-12-22 21:53:28,332 - ResourceManager : found om/java/allcommon/ImplementedInvokerAssistant.vm with loader org.apache.velocity.runtime.resource.loader.FileResourceLoader
2013-12-22 21:53:28,354 - ResourceManager : found om/java/allcommon/ImplementedSqlClauseCreator.vm with loader org.apache.velocity.runtime.resource.loader.FileResourceLoader
2013-12-22 21:53:28,368 - ResourceManager : found om/java/allcommon/container/seasar/DBFluteDicon.vm with loader org.apache.velocity.runtime.resource.loader.FileResourceLoader
2013-12-22 21:53:28,467 - org.apache.velocity.runtime.exception.ReferenceException: reference : template = om/ControlGenerateJava.vm [line 1,column 1] : ${glPackageExtendedDao} is not a valid reference.
2013-12-22 21:53:28,468 - org.apache.velocity.runtime.exception.ReferenceException: reference : template = om/ControlGenerateJava.vm [line 1,column 1] : ${glPackageBaseDao} is not a valid reference.
2013-12-22 21:53:28,565 - ResourceManager : found om/java/bsbhv/BaseBhv.vm with loader org.apache.velocity.runtime.resource.loader.FileResourceLoader
2013-12-22 21:53:28,681 - ResourceManager : found om/java/bsentity/BaseEntity.vm with loader org.apache.velocity.runtime.resource.loader.FileResourceLoader
2013-12-22 21:53:28,806 - ResourceManager : found om/java/bsentity/dbmeta/DBMetaImpl.vm with loader org.apache.velocity.runtime.resource.loader.FileResourceLoader
2013-12-22 21:53:28,856 - ResourceManager : found om/java/cbean/BsConditionBean.vm with loader org.apache.velocity.runtime.resource.loader.FileResourceLoader
2013-12-22 21:53:28,944 - ResourceManager : found om/java/cbean/AbstractBsConditionQuery.vm with loader org.apache.velocity.runtime.resource.loader.FileResourceLoader
2013-12-22 21:53:28,997 - ResourceManager : found om/java/cbean/BsConditionInlineQuery.vm with loader org.apache.velocity.runtime.resource.loader.FileResourceLoader
2013-12-22 21:53:29,038 - ResourceManager : found om/java/cbean/BsConditionQuery.vm with loader org.apache.velocity.runtime.resource.loader.FileResourceLoader
2013-12-22 21:53:29,063 - ResourceManager : found om/java/cbean/NestSelectSetupper.vm with loader org.apache.velocity.runtime.resource.loader.FileResourceLoader
2013-12-22 21:53:29,068 - org.apache.velocity.runtime.exception.ReferenceException: reference : template = om/ControlGenerateJava.vm [line 1,column 1] : ${glPackageExtendedDao} is not a valid reference.
2013-12-22 21:53:29,068 - org.apache.velocity.runtime.exception.ReferenceException: reference : template = om/ControlGenerateJava.vm [line 1,column 1] : ${glPackageBaseDao} is not a valid reference.
2013-12-22 21:53:29,090 - ResourceManager : found om/java/bsbhv/BaseBhv.vm with loader org.apache.velocity.runtime.resource.loader.FileResourceLoader
2013-12-22 21:53:29,126 - ResourceManager : found om/java/bsentity/BaseEntity.vm with loader org.apache.velocity.runtime.resource.loader.FileResourceLoader
2013-12-22 21:53:29,148 - ResourceManager : found om/java/bsentity/dbmeta/DBMetaImpl.vm with loader org.apache.velocity.runtime.resource.loader.FileResourceLoader
2013-12-22 21:53:29,187 - ResourceManager : found om/java/cbean/BsConditionBean.vm with loader org.apache.velocity.runtime.resource.loader.FileResourceLoader
2013-12-22 21:53:29,274 - ResourceManager : found om/java/cbean/AbstractBsConditionQuery.vm with loader org.apache.velocity.runtime.resource.loader.FileResourceLoader
2013-12-22 21:53:29,275 - RHS of #set statement is null. Context will not be modified. om/java/cbean/AbstractBsConditionQuery.vm [line 66, column 1]
2013-12-22 21:53:29,288 - RHS of #set statement is null. Context will not be modified. om/java/cbean/AbstractBsConditionQuery.vm [line 66, column 1]
2013-12-22 21:53:29,292 - RHS of #set statement is null. Context will not be modified. om/java/cbean/AbstractBsConditionQuery.vm [line 66, column 1]
2013-12-22 21:53:29,313 - ResourceManager : found om/java/cbean/BsConditionInlineQuery.vm with loader org.apache.velocity.runtime.resource.loader.FileResourceLoader
2013-12-22 21:53:29,314 - RHS of #set statement is null. Context will not be modified. om/java/cbean/BsConditionInlineQuery.vm [line 92, column 1]
2013-12-22 21:53:29,316 - RHS of #set statement is null. Context will not be modified. om/java/cbean/BsConditionInlineQuery.vm [line 92, column 1]
2013-12-22 21:53:29,316 - RHS of #set statement is null. Context will not be modified. om/java/cbean/BsConditionInlineQuery.vm [line 92, column 1]
2013-12-22 21:53:29,347 - ResourceManager : found om/java/cbean/BsConditionQuery.vm with loader org.apache.velocity.runtime.resource.loader.FileResourceLoader
2013-12-22 21:53:29,347 - RHS of #set statement is null. Context will not be modified. om/java/cbean/BsConditionQuery.vm [line 93, column 1]
2013-12-22 21:53:29,351 - RHS of #set statement is null. Context will not be modified. om/java/cbean/BsConditionQuery.vm [line 93, column 1]
2013-12-22 21:53:29,352 - RHS of #set statement is null. Context will not be modified. om/java/cbean/BsConditionQuery.vm [line 93, column 1]
2013-12-22 21:53:29,374 - ResourceManager : found om/java/cbean/NestSelectSetupper.vm with loader org.apache.velocity.runtime.resource.loader.FileResourceLoader
2013-12-22 21:53:29,381 - org.apache.velocity.runtime.exception.ReferenceException: reference : template = om/ControlGenerateJava.vm [line 1,column 1] : ${glPackageExtendedDao} is not a valid reference.
2013-12-22 21:53:29,381 - org.apache.velocity.runtime.exception.ReferenceException: reference : template = om/ControlGenerateJava.vm [line 1,column 1] : ${glPackageBaseDao} is not a valid reference.
2013-12-22 21:53:29,412 - ResourceManager : found om/java/bsbhv/BaseBhv.vm with loader org.apache.velocity.runtime.resource.loader.FileResourceLoader
2013-12-22 21:53:29,469 - ResourceManager : found om/java/bsentity/BaseEntity.vm with loader org.apache.velocity.runtime.resource.loader.FileResourceLoader
2013-12-22 21:53:29,546 - ResourceManager : found om/java/bsentity/dbmeta/DBMetaImpl.vm with loader org.apache.velocity.runtime.resource.loader.FileResourceLoader
2013-12-22 21:53:29,578 - ResourceManager : found om/java/cbean/BsConditionBean.vm with loader org.apache.velocity.runtime.resource.loader.FileResourceLoader
2013-12-22 21:53:29,809 - ResourceManager : found om/java/cbean/AbstractBsConditionQuery.vm with loader org.apache.velocity.runtime.resource.loader.FileResourceLoader
2013-12-22 21:53:29,810 - RHS of #set statement is null. Context will not be modified. om/java/cbean/AbstractBsConditionQuery.vm [line 66, column 1]
2013-12-22 21:53:29,854 - RHS of #set statement is null. Context will not be modified. om/java/cbean/AbstractBsConditionQuery.vm [line 66, column 1]
2013-12-22 21:53:29,860 - RHS of #set statement is null. Context will not be modified. om/java/cbean/AbstractBsConditionQuery.vm [line 66, column 1]
2013-12-22 21:53:29,862 - RHS of #set statement is null. Context will not be modified. om/java/cbean/AbstractBsConditionQuery.vm [line 66, column 1]
2013-12-22 21:53:29,864 - RHS of #set statement is null. Context will not be modified. om/java/cbean/AbstractBsConditionQuery.vm [line 66, column 1]
2013-12-22 21:53:29,878 - ResourceManager : found om/java/cbean/BsConditionInlineQuery.vm with loader org.apache.velocity.runtime.resource.loader.FileResourceLoader
2013-12-22 21:53:29,879 - RHS of #set statement is null. Context will not be modified. om/java/cbean/BsConditionInlineQuery.vm [line 92, column 1]
2013-12-22 21:53:29,888 - RHS of #set statement is null. Context will not be modified. om/java/cbean/BsConditionInlineQuery.vm [line 92, column 1]
2013-12-22 21:53:29,889 - RHS of #set statement is null. Context will not be modified. om/java/cbean/BsConditionInlineQuery.vm [line 92, column 1]
2013-12-22 21:53:29,889 - RHS of #set statement is null. Context will not be modified. om/java/cbean/BsConditionInlineQuery.vm [line 92, column 1]
2013-12-22 21:53:29,889 - RHS of #set statement is null. Context will not be modified. om/java/cbean/BsConditionInlineQuery.vm [line 92, column 1]
2013-12-22 21:53:29,906 - ResourceManager : found om/java/cbean/BsConditionQuery.vm with loader org.apache.velocity.runtime.resource.loader.FileResourceLoader
2013-12-22 21:53:29,907 - RHS of #set statement is null. Context will not be modified. om/java/cbean/BsConditionQuery.vm [line 93, column 1]
2013-12-22 21:53:29,917 - RHS of #set statement is null. Context will not be modified. om/java/cbean/BsConditionQuery.vm [line 93, column 1]
2013-12-22 21:53:29,917 - RHS of #set statement is null. Context will not be modified. om/java/cbean/BsConditionQuery.vm [line 93, column 1]
2013-12-22 21:53:29,918 - RHS of #set statement is null. Context will not be modified. om/java/cbean/BsConditionQuery.vm [line 93, column 1]
2013-12-22 21:53:29,918 - RHS of #set statement is null. Context will not be modified. om/java/cbean/BsConditionQuery.vm [line 93, column 1]
2013-12-22 21:53:29,921 - ResourceManager : found om/java/cbean/NestSelectSetupper.vm with loader org.apache.velocity.runtime.resource.loader.FileResourceLoader
2013-12-24 15:45:50,222 - 
2013-12-24 15:45:50,252 - DfFlutistLog4JLogSystem initialized using logfile './log/velocity.log'
2013-12-24 15:45:50,252 - ************************************************************** 
2013-12-24 15:45:50,252 - Starting Jakarta Velocity v1.3.1
2013-12-24 15:45:50,252 - RuntimeInstance initializing.
2013-12-24 15:45:50,252 - Default Properties File: org/apache/velocity/runtime/defaults/velocity.properties
2013-12-24 15:45:50,252 - Trying to use logger class org.seasar.dbflute.friends.velocity.DfFlutistLog4JLogSystem
2013-12-24 15:45:50,252 - Using logger class org.seasar.dbflute.friends.velocity.DfFlutistLog4JLogSystem
2013-12-24 15:45:50,254 - Default ResourceManager initializing. (class org.apache.velocity.runtime.resource.ResourceManagerImpl)
2013-12-24 15:45:50,257 - Resource Loader Instantiated: org.apache.velocity.runtime.resource.loader.FileResourceLoader
2013-12-24 15:45:50,257 - FileResourceLoader : initialization starting.
2013-12-24 15:45:50,257 - FileResourceLoader : adding path '/Users/heikyo/Documents/workspace/twitter_sample/mydbflute/dbflute-1.0.5A/templates'
2013-12-24 15:45:50,257 - FileResourceLoader : initialization complete.
2013-12-24 15:45:50,259 - ResourceCache : initialized. (class org.apache.velocity.runtime.resource.ResourceCacheImpl)
2013-12-24 15:45:50,259 - Default ResourceManager initialization complete.
2013-12-24 15:45:50,260 - Loaded System Directive: org.apache.velocity.runtime.directive.Literal
2013-12-24 15:45:50,261 - Loaded System Directive: org.apache.velocity.runtime.directive.Macro
2013-12-24 15:45:50,262 - Loaded System Directive: org.apache.velocity.runtime.directive.Parse
2013-12-24 15:45:50,265 - Loaded System Directive: org.apache.velocity.runtime.directive.Include
2013-12-24 15:45:50,266 - Loaded System Directive: org.apache.velocity.runtime.directive.Foreach
2013-12-24 15:45:50,317 - Created: 20 parsers.
2013-12-24 15:45:50,317 - Velocimacro : initialization starting.
2013-12-24 15:45:50,318 - Velocimacro : adding VMs from VM library template : VM_global_library.vm
2013-12-24 15:45:50,321 - ResourceManager : unable to find resource 'VM_global_library.vm' in any resource loader.
2013-12-24 15:45:50,321 - Velocimacro : error using  VM library template VM_global_library.vm : org.apache.velocity.exception.ResourceNotFoundException: Unable to find resource 'VM_global_library.vm'
2013-12-24 15:45:50,321 - Velocimacro :  VM library template macro registration complete.
2013-12-24 15:45:50,321 - Velocimacro : allowInline = true : VMs can be defined inline in templates
2013-12-24 15:45:50,321 - Velocimacro : allowInlineToOverride = false : VMs defined inline may NOT replace previous VM definitions
2013-12-24 15:45:50,321 - Velocimacro : allowInlineLocal = false : VMs defined inline will be  global in scope if allowed.
2013-12-24 15:45:50,321 - Velocimacro : messages on  : VM system will output logging messages
2013-12-24 15:45:50,322 - Velocimacro : autoload off  : VM system will not automatically reload global library macros
2013-12-24 15:45:50,322 - Velocimacro : initialization complete.
2013-12-24 15:45:50,322 - Velocity successfully started.
2013-12-24 15:45:50,652 - ResourceManager : found om/ControlGenerateJava.vm with loader org.apache.velocity.runtime.resource.loader.FileResourceLoader
2013-12-24 15:45:50,833 - ResourceManager : found om/java/allcommon/DBCurrent.vm with loader org.apache.velocity.runtime.resource.loader.FileResourceLoader
2013-12-24 15:45:50,873 - ResourceManager : found om/java/allcommon/DBFluteConfig.vm with loader org.apache.velocity.runtime.resource.loader.FileResourceLoader
2013-12-24 15:45:50,879 - org.apache.velocity.runtime.exception.ReferenceException: reference : template = om/java/allcommon/DBFluteConfig.vm [line 148,column 41] : $df is not a valid reference.
2013-12-24 15:45:50,880 - org.apache.velocity.runtime.exception.ReferenceException: reference : template = om/java/allcommon/DBFluteConfig.vm [line 149,column 46] : $df is not a valid reference.
2013-12-24 15:45:50,880 - org.apache.velocity.runtime.exception.ReferenceException: reference : template = om/java/allcommon/DBFluteConfig.vm [line 902,column 59] : $PoolGuardConnectionWrapper is not a valid reference.
2013-12-24 15:45:50,892 - ResourceManager : found om/java/allcommon/DBFluteInitializer.vm with loader org.apache.velocity.runtime.resource.loader.FileResourceLoader
2013-12-24 15:45:50,898 - ResourceManager : found om/java/allcommon/DBMetaInstanceHandler.vm with loader org.apache.velocity.runtime.resource.loader.FileResourceLoader
2013-12-24 15:45:50,936 - ResourceManager : found om/java/allcommon/EntityDefinedCommonColumn.vm with loader org.apache.velocity.runtime.resource.loader.FileResourceLoader
2013-12-24 15:45:50,946 - ResourceManager : found om/java/allcommon/ImplementedBehaviorSelector.vm with loader org.apache.velocity.runtime.resource.loader.FileResourceLoader
2013-12-24 15:45:50,956 - ResourceManager : found om/java/allcommon/ImplementedCommonColumnAutoSetupper.vm with loader org.apache.velocity.runtime.resource.loader.FileResourceLoader
2013-12-24 15:45:50,961 - ResourceManager : found om/java/allcommon/ImplementedInvokerAssistant.vm with loader org.apache.velocity.runtime.resource.loader.FileResourceLoader
2013-12-24 15:45:50,966 - ResourceManager : found om/java/allcommon/ImplementedSqlClauseCreator.vm with loader org.apache.velocity.runtime.resource.loader.FileResourceLoader
2013-12-24 15:45:50,974 - ResourceManager : found om/java/allcommon/container/seasar/DBFluteDicon.vm with loader org.apache.velocity.runtime.resource.loader.FileResourceLoader
2013-12-24 15:45:51,058 - org.apache.velocity.runtime.exception.ReferenceException: reference : template = om/ControlGenerateJava.vm [line 1,column 1] : ${glPackageExtendedDao} is not a valid reference.
2013-12-24 15:45:51,058 - org.apache.velocity.runtime.exception.ReferenceException: reference : template = om/ControlGenerateJava.vm [line 1,column 1] : ${glPackageBaseDao} is not a valid reference.
2013-12-24 15:45:51,175 - ResourceManager : found om/java/bsbhv/BaseBhv.vm with loader org.apache.velocity.runtime.resource.loader.FileResourceLoader
2013-12-24 15:45:51,347 - ResourceManager : found om/java/bsentity/BaseEntity.vm with loader org.apache.velocity.runtime.resource.loader.FileResourceLoader
2013-12-24 15:45:51,441 - ResourceManager : found om/java/bsentity/dbmeta/DBMetaImpl.vm with loader org.apache.velocity.runtime.resource.loader.FileResourceLoader
2013-12-24 15:45:51,501 - ResourceManager : found om/java/cbean/BsConditionBean.vm with loader org.apache.velocity.runtime.resource.loader.FileResourceLoader
2013-12-24 15:45:51,583 - ResourceManager : found om/java/cbean/AbstractBsConditionQuery.vm with loader org.apache.velocity.runtime.resource.loader.FileResourceLoader
2013-12-24 15:45:51,584 - RHS of #set statement is null. Context will not be modified. om/java/cbean/AbstractBsConditionQuery.vm [line 66, column 1]
2013-12-24 15:45:51,673 - ResourceManager : found om/java/cbean/BsConditionInlineQuery.vm with loader org.apache.velocity.runtime.resource.loader.FileResourceLoader
2013-12-24 15:45:51,674 - RHS of #set statement is null. Context will not be modified. om/java/cbean/BsConditionInlineQuery.vm [line 92, column 1]
2013-12-24 15:45:51,709 - ResourceManager : found om/java/cbean/BsConditionQuery.vm with loader org.apache.velocity.runtime.resource.loader.FileResourceLoader
2013-12-24 15:45:51,710 - RHS of #set statement is null. Context will not be modified. om/java/cbean/BsConditionQuery.vm [line 93, column 1]
2013-12-24 15:45:51,734 - ResourceManager : found om/java/cbean/NestSelectSetupper.vm with loader org.apache.velocity.runtime.resource.loader.FileResourceLoader
2013-12-24 15:45:51,739 - org.apache.velocity.runtime.exception.ReferenceException: reference : template = om/ControlGenerateJava.vm [line 1,column 1] : ${glPackageExtendedDao} is not a valid reference.
2013-12-24 15:45:51,739 - org.apache.velocity.runtime.exception.ReferenceException: reference : template = om/ControlGenerateJava.vm [line 1,column 1] : ${glPackageBaseDao} is not a valid reference.
2013-12-24 15:45:51,770 - ResourceManager : found om/java/bsbhv/BaseBhv.vm with loader org.apache.velocity.runtime.resource.loader.FileResourceLoader
2013-12-24 15:45:51,802 - ResourceManager : found om/java/bsentity/BaseEntity.vm with loader org.apache.velocity.runtime.resource.loader.FileResourceLoader
2013-12-24 15:45:51,825 - ResourceManager : found om/java/bsentity/dbmeta/DBMetaImpl.vm with loader org.apache.velocity.runtime.resource.loader.FileResourceLoader
2013-12-24 15:45:51,852 - ResourceManager : found om/java/cbean/BsConditionBean.vm with loader org.apache.velocity.runtime.resource.loader.FileResourceLoader
2013-12-24 15:45:51,903 - ResourceManager : found om/java/cbean/AbstractBsConditionQuery.vm with loader org.apache.velocity.runtime.resource.loader.FileResourceLoader
2013-12-24 15:45:51,904 - RHS of #set statement is null. Context will not be modified. om/java/cbean/AbstractBsConditionQuery.vm [line 66, column 1]
2013-12-24 15:45:51,918 - RHS of #set statement is null. Context will not be modified. om/java/cbean/AbstractBsConditionQuery.vm [line 66, column 1]
2013-12-24 15:45:51,923 - RHS of #set statement is null. Context will not be modified. om/java/cbean/AbstractBsConditionQuery.vm [line 66, column 1]
2013-12-24 15:45:51,948 - ResourceManager : found om/java/cbean/BsConditionInlineQuery.vm with loader org.apache.velocity.runtime.resource.loader.FileResourceLoader
2013-12-24 15:45:51,949 - RHS of #set statement is null. Context will not be modified. om/java/cbean/BsConditionInlineQuery.vm [line 92, column 1]
2013-12-24 15:45:51,953 - RHS of #set statement is null. Context will not be modified. om/java/cbean/BsConditionInlineQuery.vm [line 92, column 1]
2013-12-24 15:45:51,953 - RHS of #set statement is null. Context will not be modified. om/java/cbean/BsConditionInlineQuery.vm [line 92, column 1]
2013-12-24 15:45:51,981 - ResourceManager : found om/java/cbean/BsConditionQuery.vm with loader org.apache.velocity.runtime.resource.loader.FileResourceLoader
2013-12-24 15:45:51,982 - RHS of #set statement is null. Context will not be modified. om/java/cbean/BsConditionQuery.vm [line 93, column 1]
2013-12-24 15:45:51,984 - RHS of #set statement is null. Context will not be modified. om/java/cbean/BsConditionQuery.vm [line 93, column 1]
2013-12-24 15:45:51,985 - RHS of #set statement is null. Context will not be modified. om/java/cbean/BsConditionQuery.vm [line 93, column 1]
2013-12-24 15:45:52,007 - ResourceManager : found om/java/cbean/NestSelectSetupper.vm with loader org.apache.velocity.runtime.resource.loader.FileResourceLoader
2013-12-24 15:45:52,011 - org.apache.velocity.runtime.exception.ReferenceException: reference : template = om/ControlGenerateJava.vm [line 1,column 1] : ${glPackageExtendedDao} is not a valid reference.
2013-12-24 15:45:52,011 - org.apache.velocity.runtime.exception.ReferenceException: reference : template = om/ControlGenerateJava.vm [line 1,column 1] : ${glPackageBaseDao} is not a valid reference.
2013-12-24 15:45:52,037 - ResourceManager : found om/java/bsbhv/BaseBhv.vm with loader org.apache.velocity.runtime.resource.loader.FileResourceLoader
2013-12-24 15:45:52,094 - ResourceManager : found om/java/bsentity/BaseEntity.vm with loader org.apache.velocity.runtime.resource.loader.FileResourceLoader
2013-12-24 15:45:52,123 - ResourceManager : found om/java/bsentity/dbmeta/DBMetaImpl.vm with loader org.apache.velocity.runtime.resource.loader.FileResourceLoader
2013-12-24 15:45:52,145 - ResourceManager : found om/java/cbean/BsConditionBean.vm with loader org.apache.velocity.runtime.resource.loader.FileResourceLoader
2013-12-24 15:45:52,197 - ResourceManager : found om/java/cbean/AbstractBsConditionQuery.vm with loader org.apache.velocity.runtime.resource.loader.FileResourceLoader
2013-12-24 15:45:52,197 - RHS of #set statement is null. Context will not be modified. om/java/cbean/AbstractBsConditionQuery.vm [line 66, column 1]
2013-12-24 15:45:52,243 - RHS of #set statement is null. Context will not be modified. om/java/cbean/AbstractBsConditionQuery.vm [line 66, column 1]
2013-12-24 15:45:52,247 - RHS of #set statement is null. Context will not be modified. om/java/cbean/AbstractBsConditionQuery.vm [line 66, column 1]
2013-12-24 15:45:52,251 - RHS of #set statement is null. Context will not be modified. om/java/cbean/AbstractBsConditionQuery.vm [line 66, column 1]
2013-12-24 15:45:52,254 - RHS of #set statement is null. Context will not be modified. om/java/cbean/AbstractBsConditionQuery.vm [line 66, column 1]
2013-12-24 15:45:52,279 - ResourceManager : found om/java/cbean/BsConditionInlineQuery.vm with loader org.apache.velocity.runtime.resource.loader.FileResourceLoader
2013-12-24 15:45:52,279 - RHS of #set statement is null. Context will not be modified. om/java/cbean/BsConditionInlineQuery.vm [line 92, column 1]
2013-12-24 15:45:52,298 - RHS of #set statement is null. Context will not be modified. om/java/cbean/BsConditionInlineQuery.vm [line 92, column 1]
2013-12-24 15:45:52,299 - RHS of #set statement is null. Context will not be modified. om/java/cbean/BsConditionInlineQuery.vm [line 92, column 1]
2013-12-24 15:45:52,299 - RHS of #set statement is null. Context will not be modified. om/java/cbean/BsConditionInlineQuery.vm [line 92, column 1]
2013-12-24 15:45:52,299 - RHS of #set statement is null. Context will not be modified. om/java/cbean/BsConditionInlineQuery.vm [line 92, column 1]
2013-12-24 15:45:52,317 - ResourceManager : found om/java/cbean/BsConditionQuery.vm with loader org.apache.velocity.runtime.resource.loader.FileResourceLoader
2013-12-24 15:45:52,318 - RHS of #set statement is null. Context will not be modified. om/java/cbean/BsConditionQuery.vm [line 93, column 1]
2013-12-24 15:45:52,330 - RHS of #set statement is null. Context will not be modified. om/java/cbean/BsConditionQuery.vm [line 93, column 1]
2013-12-24 15:45:52,330 - RHS of #set statement is null. Context will not be modified. om/java/cbean/BsConditionQuery.vm [line 93, column 1]
2013-12-24 15:45:52,331 - RHS of #set statement is null. Context will not be modified. om/java/cbean/BsConditionQuery.vm [line 93, column 1]
2013-12-24 15:45:52,331 - RHS of #set statement is null. Context will not be modified. om/java/cbean/BsConditionQuery.vm [line 93, column 1]
2013-12-24 15:45:52,335 - ResourceManager : found om/java/cbean/NestSelectSetupper.vm with loader org.apache.velocity.runtime.resource.loader.FileResourceLoader
2013-12-24 15:54:02,033 - 
2013-12-24 15:54:02,074 - DfFlutistLog4JLogSystem initialized using logfile './log/velocity.log'
2013-12-24 15:54:02,074 - ************************************************************** 
2013-12-24 15:54:02,074 - Starting Jakarta Velocity v1.3.1
2013-12-24 15:54:02,074 - RuntimeInstance initializing.
2013-12-24 15:54:02,074 - Default Properties File: org/apache/velocity/runtime/defaults/velocity.properties
2013-12-24 15:54:02,074 - Trying to use logger class org.seasar.dbflute.friends.velocity.DfFlutistLog4JLogSystem
2013-12-24 15:54:02,074 - Using logger class org.seasar.dbflute.friends.velocity.DfFlutistLog4JLogSystem
2013-12-24 15:54:02,076 - Default ResourceManager initializing. (class org.apache.velocity.runtime.resource.ResourceManagerImpl)
2013-12-24 15:54:02,080 - Resource Loader Instantiated: org.apache.velocity.runtime.resource.loader.FileResourceLoader
2013-12-24 15:54:02,080 - FileResourceLoader : initialization starting.
2013-12-24 15:54:02,080 - FileResourceLoader : adding path '/Users/heikyo/Documents/workspace/twitter_sample/mydbflute/dbflute-1.0.5A/templates'
2013-12-24 15:54:02,080 - FileResourceLoader : initialization complete.
2013-12-24 15:54:02,082 - ResourceCache : initialized. (class org.apache.velocity.runtime.resource.ResourceCacheImpl)
2013-12-24 15:54:02,082 - Default ResourceManager initialization complete.
2013-12-24 15:54:02,083 - Loaded System Directive: org.apache.velocity.runtime.directive.Literal
2013-12-24 15:54:02,084 - Loaded System Directive: org.apache.velocity.runtime.directive.Macro
2013-12-24 15:54:02,086 - Loaded System Directive: org.apache.velocity.runtime.directive.Parse
2013-12-24 15:54:02,089 - Loaded System Directive: org.apache.velocity.runtime.directive.Include
2013-12-24 15:54:02,090 - Loaded System Directive: org.apache.velocity.runtime.directive.Foreach
2013-12-24 15:54:02,131 - Created: 20 parsers.
2013-12-24 15:54:02,131 - Velocimacro : initialization starting.
2013-12-24 15:54:02,131 - Velocimacro : adding VMs from VM library template : VM_global_library.vm
2013-12-24 15:54:02,134 - ResourceManager : unable to find resource 'VM_global_library.vm' in any resource loader.
2013-12-24 15:54:02,134 - Velocimacro : error using  VM library template VM_global_library.vm : org.apache.velocity.exception.ResourceNotFoundException: Unable to find resource 'VM_global_library.vm'
2013-12-24 15:54:02,134 - Velocimacro :  VM library template macro registration complete.
2013-12-24 15:54:02,134 - Velocimacro : allowInline = true : VMs can be defined inline in templates
2013-12-24 15:54:02,134 - Velocimacro : allowInlineToOverride = false : VMs defined inline may NOT replace previous VM definitions
2013-12-24 15:54:02,134 - Velocimacro : allowInlineLocal = false : VMs defined inline will be  global in scope if allowed.
2013-12-24 15:54:02,134 - Velocimacro : messages on  : VM system will output logging messages
2013-12-24 15:54:02,134 - Velocimacro : autoload off  : VM system will not automatically reload global library macros
2013-12-24 15:54:02,134 - Velocimacro : initialization complete.
2013-12-24 15:54:02,134 - Velocity successfully started.
2013-12-24 15:54:02,401 - ResourceManager : found om/ControlGenerateJava.vm with loader org.apache.velocity.runtime.resource.loader.FileResourceLoader
2013-12-24 15:54:02,554 - ResourceManager : found om/java/allcommon/DBCurrent.vm with loader org.apache.velocity.runtime.resource.loader.FileResourceLoader
2013-12-24 15:54:02,620 - ResourceManager : found om/java/allcommon/DBFluteConfig.vm with loader org.apache.velocity.runtime.resource.loader.FileResourceLoader
2013-12-24 15:54:02,627 - org.apache.velocity.runtime.exception.ReferenceException: reference : template = om/java/allcommon/DBFluteConfig.vm [line 148,column 41] : $df is not a valid reference.
2013-12-24 15:54:02,627 - org.apache.velocity.runtime.exception.ReferenceException: reference : template = om/java/allcommon/DBFluteConfig.vm [line 149,column 46] : $df is not a valid reference.
2013-12-24 15:54:02,628 - org.apache.velocity.runtime.exception.ReferenceException: reference : template = om/java/allcommon/DBFluteConfig.vm [line 902,column 59] : $PoolGuardConnectionWrapper is not a valid reference.
2013-12-24 15:54:02,654 - ResourceManager : found om/java/allcommon/DBFluteInitializer.vm with loader org.apache.velocity.runtime.resource.loader.FileResourceLoader
2013-12-24 15:54:02,660 - ResourceManager : found om/java/allcommon/DBMetaInstanceHandler.vm with loader org.apache.velocity.runtime.resource.loader.FileResourceLoader
2013-12-24 15:54:02,718 - ResourceManager : found om/java/allcommon/EntityDefinedCommonColumn.vm with loader org.apache.velocity.runtime.resource.loader.FileResourceLoader
2013-12-24 15:54:02,729 - ResourceManager : found om/java/allcommon/ImplementedBehaviorSelector.vm with loader org.apache.velocity.runtime.resource.loader.FileResourceLoader
2013-12-24 15:54:02,742 - ResourceManager : found om/java/allcommon/ImplementedCommonColumnAutoSetupper.vm with loader org.apache.velocity.runtime.resource.loader.FileResourceLoader
2013-12-24 15:54:02,754 - ResourceManager : found om/java/allcommon/ImplementedInvokerAssistant.vm with loader org.apache.velocity.runtime.resource.loader.FileResourceLoader
2013-12-24 15:54:02,760 - ResourceManager : found om/java/allcommon/ImplementedSqlClauseCreator.vm with loader org.apache.velocity.runtime.resource.loader.FileResourceLoader
2013-12-24 15:54:02,768 - ResourceManager : found om/java/allcommon/container/seasar/DBFluteDicon.vm with loader org.apache.velocity.runtime.resource.loader.FileResourceLoader
2013-12-24 15:54:02,927 - org.apache.velocity.runtime.exception.ReferenceException: reference : template = om/ControlGenerateJava.vm [line 1,column 1] : ${glPackageExtendedDao} is not a valid reference.
2013-12-24 15:54:02,927 - org.apache.velocity.runtime.exception.ReferenceException: reference : template = om/ControlGenerateJava.vm [line 1,column 1] : ${glPackageBaseDao} is not a valid reference.
2013-12-24 15:54:03,027 - ResourceManager : found om/java/bsbhv/BaseBhv.vm with loader org.apache.velocity.runtime.resource.loader.FileResourceLoader
2013-12-24 15:54:03,165 - ResourceManager : found om/java/bsentity/BaseEntity.vm with loader org.apache.velocity.runtime.resource.loader.FileResourceLoader
2013-12-24 15:54:03,202 - ResourceManager : found om/java/bsentity/dbmeta/DBMetaImpl.vm with loader org.apache.velocity.runtime.resource.loader.FileResourceLoader
2013-12-24 15:54:03,240 - ResourceManager : found om/java/cbean/BsConditionBean.vm with loader org.apache.velocity.runtime.resource.loader.FileResourceLoader
2013-12-24 15:54:03,340 - ResourceManager : found om/java/cbean/AbstractBsConditionQuery.vm with loader org.apache.velocity.runtime.resource.loader.FileResourceLoader
2013-12-24 15:54:03,341 - RHS of #set statement is null. Context will not be modified. om/java/cbean/AbstractBsConditionQuery.vm [line 66, column 1]
2013-12-24 15:54:03,424 - ResourceManager : found om/java/cbean/BsConditionInlineQuery.vm with loader org.apache.velocity.runtime.resource.loader.FileResourceLoader
2013-12-24 15:54:03,425 - RHS of #set statement is null. Context will not be modified. om/java/cbean/BsConditionInlineQuery.vm [line 92, column 1]
2013-12-24 15:54:03,466 - ResourceManager : found om/java/cbean/BsConditionQuery.vm with loader org.apache.velocity.runtime.resource.loader.FileResourceLoader
2013-12-24 15:54:03,467 - RHS of #set statement is null. Context will not be modified. om/java/cbean/BsConditionQuery.vm [line 93, column 1]
2013-12-24 15:54:03,496 - ResourceManager : found om/java/cbean/NestSelectSetupper.vm with loader org.apache.velocity.runtime.resource.loader.FileResourceLoader
2013-12-24 15:54:03,518 - org.apache.velocity.runtime.exception.ReferenceException: reference : template = om/ControlGenerateJava.vm [line 1,column 1] : ${glPackageExtendedDao} is not a valid reference.
2013-12-24 15:54:03,518 - org.apache.velocity.runtime.exception.ReferenceException: reference : template = om/ControlGenerateJava.vm [line 1,column 1] : ${glPackageBaseDao} is not a valid reference.
2013-12-24 15:54:03,547 - ResourceManager : found om/java/bsbhv/BaseBhv.vm with loader org.apache.velocity.runtime.resource.loader.FileResourceLoader
2013-12-24 15:54:03,577 - ResourceManager : found om/java/bsentity/BaseEntity.vm with loader org.apache.velocity.runtime.resource.loader.FileResourceLoader
2013-12-24 15:54:03,600 - ResourceManager : found om/java/bsentity/dbmeta/DBMetaImpl.vm with loader org.apache.velocity.runtime.resource.loader.FileResourceLoader
2013-12-24 15:54:03,629 - ResourceManager : found om/java/cbean/BsConditionBean.vm with loader org.apache.velocity.runtime.resource.loader.FileResourceLoader
2013-12-24 15:54:03,700 - ResourceManager : found om/java/cbean/AbstractBsConditionQuery.vm with loader org.apache.velocity.runtime.resource.loader.FileResourceLoader
2013-12-24 15:54:03,701 - RHS of #set statement is null. Context will not be modified. om/java/cbean/AbstractBsConditionQuery.vm [line 66, column 1]
2013-12-24 15:54:03,714 - RHS of #set statement is null. Context will not be modified. om/java/cbean/AbstractBsConditionQuery.vm [line 66, column 1]
2013-12-24 15:54:03,718 - RHS of #set statement is null. Context will not be modified. om/java/cbean/AbstractBsConditionQuery.vm [line 66, column 1]
2013-12-24 15:54:03,744 - ResourceManager : found om/java/cbean/BsConditionInlineQuery.vm with loader org.apache.velocity.runtime.resource.loader.FileResourceLoader
2013-12-24 15:54:03,744 - RHS of #set statement is null. Context will not be modified. om/java/cbean/BsConditionInlineQuery.vm [line 92, column 1]
2013-12-24 15:54:03,747 - RHS of #set statement is null. Context will not be modified. om/java/cbean/BsConditionInlineQuery.vm [line 92, column 1]
2013-12-24 15:54:03,747 - RHS of #set statement is null. Context will not be modified. om/java/cbean/BsConditionInlineQuery.vm [line 92, column 1]
2013-12-24 15:54:03,768 - ResourceManager : found om/java/cbean/BsConditionQuery.vm with loader org.apache.velocity.runtime.resource.loader.FileResourceLoader
2013-12-24 15:54:03,769 - RHS of #set statement is null. Context will not be modified. om/java/cbean/BsConditionQuery.vm [line 93, column 1]
2013-12-24 15:54:03,772 - RHS of #set statement is null. Context will not be modified. om/java/cbean/BsConditionQuery.vm [line 93, column 1]
2013-12-24 15:54:03,773 - RHS of #set statement is null. Context will not be modified. om/java/cbean/BsConditionQuery.vm [line 93, column 1]
2013-12-24 15:54:03,798 - ResourceManager : found om/java/cbean/NestSelectSetupper.vm with loader org.apache.velocity.runtime.resource.loader.FileResourceLoader
2013-12-24 15:54:03,803 - org.apache.velocity.runtime.exception.ReferenceException: reference : template = om/ControlGenerateJava.vm [line 1,column 1] : ${glPackageExtendedDao} is not a valid reference.
2013-12-24 15:54:03,803 - org.apache.velocity.runtime.exception.ReferenceException: reference : template = om/ControlGenerateJava.vm [line 1,column 1] : ${glPackageBaseDao} is not a valid reference.
2013-12-24 15:54:03,825 - ResourceManager : found om/java/bsbhv/BaseBhv.vm with loader org.apache.velocity.runtime.resource.loader.FileResourceLoader
2013-12-24 15:54:03,874 - ResourceManager : found om/java/bsentity/BaseEntity.vm with loader org.apache.velocity.runtime.resource.loader.FileResourceLoader
2013-12-24 15:54:03,903 - ResourceManager : found om/java/bsentity/dbmeta/DBMetaImpl.vm with loader org.apache.velocity.runtime.resource.loader.FileResourceLoader
2013-12-24 15:54:03,924 - ResourceManager : found om/java/cbean/BsConditionBean.vm with loader org.apache.velocity.runtime.resource.loader.FileResourceLoader
2013-12-24 15:54:03,973 - ResourceManager : found om/java/cbean/AbstractBsConditionQuery.vm with loader org.apache.velocity.runtime.resource.loader.FileResourceLoader
2013-12-24 15:54:03,974 - RHS of #set statement is null. Context will not be modified. om/java/cbean/AbstractBsConditionQuery.vm [line 66, column 1]
2013-12-24 15:54:04,013 - RHS of #set statement is null. Context will not be modified. om/java/cbean/AbstractBsConditionQuery.vm [line 66, column 1]
2013-12-24 15:54:04,016 - RHS of #set statement is null. Context will not be modified. om/java/cbean/AbstractBsConditionQuery.vm [line 66, column 1]
2013-12-24 15:54:04,019 - RHS of #set statement is null. Context will not be modified. om/java/cbean/AbstractBsConditionQuery.vm [line 66, column 1]
2013-12-24 15:54:04,022 - RHS of #set statement is null. Context will not be modified. om/java/cbean/AbstractBsConditionQuery.vm [line 66, column 1]
2013-12-24 15:54:04,043 - ResourceManager : found om/java/cbean/BsConditionInlineQuery.vm with loader org.apache.velocity.runtime.resource.loader.FileResourceLoader
2013-12-24 15:54:04,043 - RHS of #set statement is null. Context will not be modified. om/java/cbean/BsConditionInlineQuery.vm [line 92, column 1]
2013-12-24 15:54:04,065 - RHS of #set statement is null. Context will not be modified. om/java/cbean/BsConditionInlineQuery.vm [line 92, column 1]
2013-12-24 15:54:04,066 - RHS of #set statement is null. Context will not be modified. om/java/cbean/BsConditionInlineQuery.vm [line 92, column 1]
2013-12-24 15:54:04,066 - RHS of #set statement is null. Context will not be modified. om/java/cbean/BsConditionInlineQuery.vm [line 92, column 1]
2013-12-24 15:54:04,066 - RHS of #set statement is null. Context will not be modified. om/java/cbean/BsConditionInlineQuery.vm [line 92, column 1]
2013-12-24 15:54:04,086 - ResourceManager : found om/java/cbean/BsConditionQuery.vm with loader org.apache.velocity.runtime.resource.loader.FileResourceLoader
2013-12-24 15:54:04,087 - RHS of #set statement is null. Context will not be modified. om/java/cbean/BsConditionQuery.vm [line 93, column 1]
2013-12-24 15:54:04,102 - RHS of #set statement is null. Context will not be modified. om/java/cbean/BsConditionQuery.vm [line 93, column 1]
2013-12-24 15:54:04,103 - RHS of #set statement is null. Context will not be modified. om/java/cbean/BsConditionQuery.vm [line 93, column 1]
2013-12-24 15:54:04,103 - RHS of #set statement is null. Context will not be modified. om/java/cbean/BsConditionQuery.vm [line 93, column 1]
2013-12-24 15:54:04,104 - RHS of #set statement is null. Context will not be modified. om/java/cbean/BsConditionQuery.vm [line 93, column 1]
2013-12-24 15:54:04,108 - ResourceManager : found om/java/cbean/NestSelectSetupper.vm with loader org.apache.velocity.runtime.resource.loader.FileResourceLoader
2013-12-25 01:53:23,538 - 
2013-12-25 01:53:23,556 - DfFlutistLog4JLogSystem initialized using logfile './log/velocity.log'
2013-12-25 01:53:23,556 - ************************************************************** 
2013-12-25 01:53:23,556 - Starting Jakarta Velocity v1.3.1
2013-12-25 01:53:23,556 - RuntimeInstance initializing.
2013-12-25 01:53:23,556 - Default Properties File: org/apache/velocity/runtime/defaults/velocity.properties
2013-12-25 01:53:23,556 - Trying to use logger class org.seasar.dbflute.friends.velocity.DfFlutistLog4JLogSystem
2013-12-25 01:53:23,557 - Using logger class org.seasar.dbflute.friends.velocity.DfFlutistLog4JLogSystem
2013-12-25 01:53:23,581 - Default ResourceManager initializing. (class org.apache.velocity.runtime.resource.ResourceManagerImpl)
2013-12-25 01:53:23,585 - Resource Loader Instantiated: org.apache.velocity.runtime.resource.loader.FileResourceLoader
2013-12-25 01:53:23,585 - FileResourceLoader : initialization starting.
2013-12-25 01:53:23,585 - FileResourceLoader : adding path '/Users/heikyo/Documents/workspace/twitter_sample/mydbflute/dbflute-1.0.5A/templates'
2013-12-25 01:53:23,586 - FileResourceLoader : initialization complete.
2013-12-25 01:53:23,588 - ResourceCache : initialized. (class org.apache.velocity.runtime.resource.ResourceCacheImpl)
2013-12-25 01:53:23,588 - Default ResourceManager initialization complete.
2013-12-25 01:53:23,599 - Loaded System Directive: org.apache.velocity.runtime.directive.Literal
2013-12-25 01:53:23,600 - Loaded System Directive: org.apache.velocity.runtime.directive.Macro
2013-12-25 01:53:23,601 - Loaded System Directive: org.apache.velocity.runtime.directive.Parse
2013-12-25 01:53:23,603 - Loaded System Directive: org.apache.velocity.runtime.directive.Include
2013-12-25 01:53:23,604 - Loaded System Directive: org.apache.velocity.runtime.directive.Foreach
2013-12-25 01:53:23,666 - Created: 20 parsers.
2013-12-25 01:53:23,666 - Velocimacro : initialization starting.
2013-12-25 01:53:23,666 - Velocimacro : adding VMs from VM library template : VM_global_library.vm
2013-12-25 01:53:23,669 - ResourceManager : unable to find resource 'VM_global_library.vm' in any resource loader.
2013-12-25 01:53:23,669 - Velocimacro : error using  VM library template VM_global_library.vm : org.apache.velocity.exception.ResourceNotFoundException: Unable to find resource 'VM_global_library.vm'
2013-12-25 01:53:23,669 - Velocimacro :  VM library template macro registration complete.
2013-12-25 01:53:23,669 - Velocimacro : allowInline = true : VMs can be defined inline in templates
2013-12-25 01:53:23,669 - Velocimacro : allowInlineToOverride = false : VMs defined inline may NOT replace previous VM definitions
2013-12-25 01:53:23,669 - Velocimacro : allowInlineLocal = false : VMs defined inline will be  global in scope if allowed.
2013-12-25 01:53:23,670 - Velocimacro : messages on  : VM system will output logging messages
2013-12-25 01:53:23,670 - Velocimacro : autoload off  : VM system will not automatically reload global library macros
2013-12-25 01:53:23,670 - Velocimacro : initialization complete.
2013-12-25 01:53:23,670 - Velocity successfully started.
2013-12-25 01:53:23,988 - ResourceManager : found om/ControlGenerateJava.vm with loader org.apache.velocity.runtime.resource.loader.FileResourceLoader
2013-12-25 01:53:24,161 - ResourceManager : found om/java/allcommon/DBCurrent.vm with loader org.apache.velocity.runtime.resource.loader.FileResourceLoader
2013-12-25 01:53:24,209 - ResourceManager : found om/java/allcommon/DBFluteConfig.vm with loader org.apache.velocity.runtime.resource.loader.FileResourceLoader
2013-12-25 01:53:24,215 - org.apache.velocity.runtime.exception.ReferenceException: reference : template = om/java/allcommon/DBFluteConfig.vm [line 148,column 41] : $df is not a valid reference.
2013-12-25 01:53:24,215 - org.apache.velocity.runtime.exception.ReferenceException: reference : template = om/java/allcommon/DBFluteConfig.vm [line 149,column 46] : $df is not a valid reference.
2013-12-25 01:53:24,215 - org.apache.velocity.runtime.exception.ReferenceException: reference : template = om/java/allcommon/DBFluteConfig.vm [line 902,column 59] : $PoolGuardConnectionWrapper is not a valid reference.
2013-12-25 01:53:24,230 - ResourceManager : found om/java/allcommon/DBFluteInitializer.vm with loader org.apache.velocity.runtime.resource.loader.FileResourceLoader
2013-12-25 01:53:24,236 - ResourceManager : found om/java/allcommon/DBMetaInstanceHandler.vm with loader org.apache.velocity.runtime.resource.loader.FileResourceLoader
2013-12-25 01:53:24,274 - ResourceManager : found om/java/allcommon/EntityDefinedCommonColumn.vm with loader org.apache.velocity.runtime.resource.loader.FileResourceLoader
2013-12-25 01:53:24,284 - ResourceManager : found om/java/allcommon/ImplementedBehaviorSelector.vm with loader org.apache.velocity.runtime.resource.loader.FileResourceLoader
2013-12-25 01:53:24,296 - ResourceManager : found om/java/allcommon/ImplementedCommonColumnAutoSetupper.vm with loader org.apache.velocity.runtime.resource.loader.FileResourceLoader
2013-12-25 01:53:24,304 - ResourceManager : found om/java/allcommon/ImplementedInvokerAssistant.vm with loader org.apache.velocity.runtime.resource.loader.FileResourceLoader
2013-12-25 01:53:24,310 - ResourceManager : found om/java/allcommon/ImplementedSqlClauseCreator.vm with loader org.apache.velocity.runtime.resource.loader.FileResourceLoader
2013-12-25 01:53:24,317 - ResourceManager : found om/java/allcommon/container/seasar/DBFluteDicon.vm with loader org.apache.velocity.runtime.resource.loader.FileResourceLoader
2013-12-25 01:53:24,404 - org.apache.velocity.runtime.exception.ReferenceException: reference : template = om/ControlGenerateJava.vm [line 1,column 1] : ${glPackageExtendedDao} is not a valid reference.
2013-12-25 01:53:24,405 - org.apache.velocity.runtime.exception.ReferenceException: reference : template = om/ControlGenerateJava.vm [line 1,column 1] : ${glPackageBaseDao} is not a valid reference.
2013-12-25 01:53:24,487 - ResourceManager : found om/java/bsbhv/BaseBhv.vm with loader org.apache.velocity.runtime.resource.loader.FileResourceLoader
2013-12-25 01:53:24,613 - ResourceManager : found om/java/bsentity/BaseEntity.vm with loader org.apache.velocity.runtime.resource.loader.FileResourceLoader
2013-12-25 01:53:24,653 - ResourceManager : found om/java/bsentity/dbmeta/DBMetaImpl.vm with loader org.apache.velocity.runtime.resource.loader.FileResourceLoader
2013-12-25 01:53:24,682 - ResourceManager : found om/java/cbean/BsConditionBean.vm with loader org.apache.velocity.runtime.resource.loader.FileResourceLoader
2013-12-25 01:53:24,755 - ResourceManager : found om/java/cbean/AbstractBsConditionQuery.vm with loader org.apache.velocity.runtime.resource.loader.FileResourceLoader
2013-12-25 01:53:24,756 - RHS of #set statement is null. Context will not be modified. om/java/cbean/AbstractBsConditionQuery.vm [line 66, column 1]
2013-12-25 01:53:24,828 - ResourceManager : found om/java/cbean/BsConditionInlineQuery.vm with loader org.apache.velocity.runtime.resource.loader.FileResourceLoader
2013-12-25 01:53:24,829 - RHS of #set statement is null. Context will not be modified. om/java/cbean/BsConditionInlineQuery.vm [line 92, column 1]
2013-12-25 01:53:24,883 - ResourceManager : found om/java/cbean/BsConditionQuery.vm with loader org.apache.velocity.runtime.resource.loader.FileResourceLoader
2013-12-25 01:53:24,884 - RHS of #set statement is null. Context will not be modified. om/java/cbean/BsConditionQuery.vm [line 93, column 1]
2013-12-25 01:53:24,949 - ResourceManager : found om/java/cbean/NestSelectSetupper.vm with loader org.apache.velocity.runtime.resource.loader.FileResourceLoader
2013-12-25 01:53:24,993 - org.apache.velocity.runtime.exception.ReferenceException: reference : template = om/ControlGenerateJava.vm [line 1,column 1] : ${glPackageExtendedDao} is not a valid reference.
2013-12-25 01:53:24,993 - org.apache.velocity.runtime.exception.ReferenceException: reference : template = om/ControlGenerateJava.vm [line 1,column 1] : ${glPackageBaseDao} is not a valid reference.
2013-12-25 01:53:25,036 - ResourceManager : found om/java/bsbhv/BaseBhv.vm with loader org.apache.velocity.runtime.resource.loader.FileResourceLoader
2013-12-25 01:53:25,069 - ResourceManager : found om/java/bsentity/BaseEntity.vm with loader org.apache.velocity.runtime.resource.loader.FileResourceLoader
2013-12-25 01:53:25,136 - ResourceManager : found om/java/bsentity/dbmeta/DBMetaImpl.vm with loader org.apache.velocity.runtime.resource.loader.FileResourceLoader
2013-12-25 01:53:25,163 - ResourceManager : found om/java/cbean/BsConditionBean.vm with loader org.apache.velocity.runtime.resource.loader.FileResourceLoader
2013-12-25 01:53:25,215 - ResourceManager : found om/java/cbean/AbstractBsConditionQuery.vm with loader org.apache.velocity.runtime.resource.loader.FileResourceLoader
2013-12-25 01:53:25,216 - RHS of #set statement is null. Context will not be modified. om/java/cbean/AbstractBsConditionQuery.vm [line 66, column 1]
2013-12-25 01:53:25,230 - RHS of #set statement is null. Context will not be modified. om/java/cbean/AbstractBsConditionQuery.vm [line 66, column 1]
2013-12-25 01:53:25,235 - RHS of #set statement is null. Context will not be modified. om/java/cbean/AbstractBsConditionQuery.vm [line 66, column 1]
2013-12-25 01:53:25,281 - ResourceManager : found om/java/cbean/BsConditionInlineQuery.vm with loader org.apache.velocity.runtime.resource.loader.FileResourceLoader
2013-12-25 01:53:25,282 - RHS of #set statement is null. Context will not be modified. om/java/cbean/BsConditionInlineQuery.vm [line 92, column 1]
2013-12-25 01:53:25,284 - RHS of #set statement is null. Context will not be modified. om/java/cbean/BsConditionInlineQuery.vm [line 92, column 1]
2013-12-25 01:53:25,285 - RHS of #set statement is null. Context will not be modified. om/java/cbean/BsConditionInlineQuery.vm [line 92, column 1]
2013-12-25 01:53:25,309 - ResourceManager : found om/java/cbean/BsConditionQuery.vm with loader org.apache.velocity.runtime.resource.loader.FileResourceLoader
2013-12-25 01:53:25,310 - RHS of #set statement is null. Context will not be modified. om/java/cbean/BsConditionQuery.vm [line 93, column 1]
2013-12-25 01:53:25,319 - RHS of #set statement is null. Context will not be modified. om/java/cbean/BsConditionQuery.vm [line 93, column 1]
2013-12-25 01:53:25,320 - RHS of #set statement is null. Context will not be modified. om/java/cbean/BsConditionQuery.vm [line 93, column 1]
2013-12-25 01:53:25,348 - ResourceManager : found om/java/cbean/NestSelectSetupper.vm with loader org.apache.velocity.runtime.resource.loader.FileResourceLoader
2013-12-25 01:53:25,355 - org.apache.velocity.runtime.exception.ReferenceException: reference : template = om/ControlGenerateJava.vm [line 1,column 1] : ${glPackageExtendedDao} is not a valid reference.
2013-12-25 01:53:25,355 - org.apache.velocity.runtime.exception.ReferenceException: reference : template = om/ControlGenerateJava.vm [line 1,column 1] : ${glPackageBaseDao} is not a valid reference.
2013-12-25 01:53:25,393 - ResourceManager : found om/java/bsbhv/BaseBhv.vm with loader org.apache.velocity.runtime.resource.loader.FileResourceLoader
2013-12-25 01:53:25,445 - ResourceManager : found om/java/bsentity/BaseEntity.vm with loader org.apache.velocity.runtime.resource.loader.FileResourceLoader
2013-12-25 01:53:25,476 - ResourceManager : found om/java/bsentity/dbmeta/DBMetaImpl.vm with loader org.apache.velocity.runtime.resource.loader.FileResourceLoader
2013-12-25 01:53:25,506 - ResourceManager : found om/java/cbean/BsConditionBean.vm with loader org.apache.velocity.runtime.resource.loader.FileResourceLoader
2013-12-25 01:53:25,568 - ResourceManager : found om/java/cbean/AbstractBsConditionQuery.vm with loader org.apache.velocity.runtime.resource.loader.FileResourceLoader
2013-12-25 01:53:25,568 - RHS of #set statement is null. Context will not be modified. om/java/cbean/AbstractBsConditionQuery.vm [line 66, column 1]
2013-12-25 01:53:25,615 - RHS of #set statement is null. Context will not be modified. om/java/cbean/AbstractBsConditionQuery.vm [line 66, column 1]
2013-12-25 01:53:25,620 - RHS of #set statement is null. Context will not be modified. om/java/cbean/AbstractBsConditionQuery.vm [line 66, column 1]
2013-12-25 01:53:25,620 - RHS of #set statement is null. Context will not be modified. om/java/cbean/AbstractBsConditionQuery.vm [line 66, column 1]
2013-12-25 01:53:25,624 - RHS of #set statement is null. Context will not be modified. om/java/cbean/AbstractBsConditionQuery.vm [line 66, column 1]
2013-12-25 01:53:25,658 - ResourceManager : found om/java/cbean/BsConditionInlineQuery.vm with loader org.apache.velocity.runtime.resource.loader.FileResourceLoader
2013-12-25 01:53:25,658 - RHS of #set statement is null. Context will not be modified. om/java/cbean/BsConditionInlineQuery.vm [line 92, column 1]
2013-12-25 01:53:25,672 - RHS of #set statement is null. Context will not be modified. om/java/cbean/BsConditionInlineQuery.vm [line 92, column 1]
2013-12-25 01:53:25,672 - RHS of #set statement is null. Context will not be modified. om/java/cbean/BsConditionInlineQuery.vm [line 92, column 1]
2013-12-25 01:53:25,672 - RHS of #set statement is null. Context will not be modified. om/java/cbean/BsConditionInlineQuery.vm [line 92, column 1]
2013-12-25 01:53:25,672 - RHS of #set statement is null. Context will not be modified. om/java/cbean/BsConditionInlineQuery.vm [line 92, column 1]
2013-12-25 01:53:25,694 - ResourceManager : found om/java/cbean/BsConditionQuery.vm with loader org.apache.velocity.runtime.resource.loader.FileResourceLoader
2013-12-25 01:53:25,695 - RHS of #set statement is null. Context will not be modified. om/java/cbean/BsConditionQuery.vm [line 93, column 1]
2013-12-25 01:53:25,712 - RHS of #set statement is null. Context will not be modified. om/java/cbean/BsConditionQuery.vm [line 93, column 1]
2013-12-25 01:53:25,713 - RHS of #set statement is null. Context will not be modified. om/java/cbean/BsConditionQuery.vm [line 93, column 1]
2013-12-25 01:53:25,713 - RHS of #set statement is null. Context will not be modified. om/java/cbean/BsConditionQuery.vm [line 93, column 1]
2013-12-25 01:53:25,714 - RHS of #set statement is null. Context will not be modified. om/java/cbean/BsConditionQuery.vm [line 93, column 1]
2013-12-25 01:53:25,723 - ResourceManager : found om/java/cbean/NestSelectSetupper.vm with loader org.apache.velocity.runtime.resource.loader.FileResourceLoader
2013-12-25 03:06:41,840 - 
2013-12-25 03:06:41,909 - DfFlutistLog4JLogSystem initialized using logfile './log/velocity.log'
2013-12-25 03:06:41,909 - ************************************************************** 
2013-12-25 03:06:41,909 - Starting Jakarta Velocity v1.3.1
2013-12-25 03:06:41,909 - RuntimeInstance initializing.
2013-12-25 03:06:41,909 - Default Properties File: org/apache/velocity/runtime/defaults/velocity.properties
2013-12-25 03:06:41,910 - Trying to use logger class org.seasar.dbflute.friends.velocity.DfFlutistLog4JLogSystem
2013-12-25 03:06:41,910 - Using logger class org.seasar.dbflute.friends.velocity.DfFlutistLog4JLogSystem
2013-12-25 03:06:41,913 - Default ResourceManager initializing. (class org.apache.velocity.runtime.resource.ResourceManagerImpl)
2013-12-25 03:06:41,917 - Resource Loader Instantiated: org.apache.velocity.runtime.resource.loader.FileResourceLoader
2013-12-25 03:06:41,917 - FileResourceLoader : initialization starting.
2013-12-25 03:06:41,917 - FileResourceLoader : adding path '/Users/heikyo/Documents/workspace/twitter_sample/mydbflute/dbflute-1.0.5A/templates'
2013-12-25 03:06:41,918 - FileResourceLoader : initialization complete.
2013-12-25 03:06:41,919 - ResourceCache : initialized. (class org.apache.velocity.runtime.resource.ResourceCacheImpl)
2013-12-25 03:06:41,920 - Default ResourceManager initialization complete.
2013-12-25 03:06:41,921 - Loaded System Directive: org.apache.velocity.runtime.directive.Literal
2013-12-25 03:06:41,923 - Loaded System Directive: org.apache.velocity.runtime.directive.Macro
2013-12-25 03:06:41,924 - Loaded System Directive: org.apache.velocity.runtime.directive.Parse
2013-12-25 03:06:41,929 - Loaded System Directive: org.apache.velocity.runtime.directive.Include
2013-12-25 03:06:41,931 - Loaded System Directive: org.apache.velocity.runtime.directive.Foreach
2013-12-25 03:06:42,008 - Created: 20 parsers.
2013-12-25 03:06:42,008 - Velocimacro : initialization starting.
2013-12-25 03:06:42,009 - Velocimacro : adding VMs from VM library template : VM_global_library.vm
2013-12-25 03:06:42,013 - ResourceManager : unable to find resource 'VM_global_library.vm' in any resource loader.
2013-12-25 03:06:42,013 - Velocimacro : error using  VM library template VM_global_library.vm : org.apache.velocity.exception.ResourceNotFoundException: Unable to find resource 'VM_global_library.vm'
2013-12-25 03:06:42,013 - Velocimacro :  VM library template macro registration complete.
2013-12-25 03:06:42,013 - Velocimacro : allowInline = true : VMs can be defined inline in templates
2013-12-25 03:06:42,014 - Velocimacro : allowInlineToOverride = false : VMs defined inline may NOT replace previous VM definitions
2013-12-25 03:06:42,014 - Velocimacro : allowInlineLocal = false : VMs defined inline will be  global in scope if allowed.
2013-12-25 03:06:42,014 - Velocimacro : messages on  : VM system will output logging messages
2013-12-25 03:06:42,014 - Velocimacro : autoload off  : VM system will not automatically reload global library macros
2013-12-25 03:06:42,014 - Velocimacro : initialization complete.
2013-12-25 03:06:42,014 - Velocity successfully started.
2013-12-25 03:06:42,657 - ResourceManager : found om/ControlGenerateJava.vm with loader org.apache.velocity.runtime.resource.loader.FileResourceLoader
2013-12-25 03:06:42,836 - ResourceManager : found om/java/allcommon/DBCurrent.vm with loader org.apache.velocity.runtime.resource.loader.FileResourceLoader
2013-12-25 03:06:42,881 - ResourceManager : found om/java/allcommon/DBFluteConfig.vm with loader org.apache.velocity.runtime.resource.loader.FileResourceLoader
2013-12-25 03:06:42,887 - org.apache.velocity.runtime.exception.ReferenceException: reference : template = om/java/allcommon/DBFluteConfig.vm [line 148,column 41] : $df is not a valid reference.
2013-12-25 03:06:42,887 - org.apache.velocity.runtime.exception.ReferenceException: reference : template = om/java/allcommon/DBFluteConfig.vm [line 149,column 46] : $df is not a valid reference.
2013-12-25 03:06:42,888 - org.apache.velocity.runtime.exception.ReferenceException: reference : template = om/java/allcommon/DBFluteConfig.vm [line 902,column 59] : $PoolGuardConnectionWrapper is not a valid reference.
2013-12-25 03:06:42,918 - ResourceManager : found om/java/allcommon/DBFluteInitializer.vm with loader org.apache.velocity.runtime.resource.loader.FileResourceLoader
2013-12-25 03:06:42,924 - ResourceManager : found om/java/allcommon/DBMetaInstanceHandler.vm with loader org.apache.velocity.runtime.resource.loader.FileResourceLoader
2013-12-25 03:06:42,989 - ResourceManager : found om/java/allcommon/EntityDefinedCommonColumn.vm with loader org.apache.velocity.runtime.resource.loader.FileResourceLoader
2013-12-25 03:06:43,000 - ResourceManager : found om/java/allcommon/ImplementedBehaviorSelector.vm with loader org.apache.velocity.runtime.resource.loader.FileResourceLoader
2013-12-25 03:06:43,011 - ResourceManager : found om/java/allcommon/ImplementedCommonColumnAutoSetupper.vm with loader org.apache.velocity.runtime.resource.loader.FileResourceLoader
2013-12-25 03:06:43,070 - ResourceManager : found om/java/allcommon/ImplementedInvokerAssistant.vm with loader org.apache.velocity.runtime.resource.loader.FileResourceLoader
2013-12-25 03:06:43,074 - ResourceManager : found om/java/allcommon/ImplementedSqlClauseCreator.vm with loader org.apache.velocity.runtime.resource.loader.FileResourceLoader
2013-12-25 03:06:43,080 - ResourceManager : found om/java/allcommon/container/seasar/DBFluteDicon.vm with loader org.apache.velocity.runtime.resource.loader.FileResourceLoader
2013-12-25 03:06:43,193 - org.apache.velocity.runtime.exception.ReferenceException: reference : template = om/ControlGenerateJava.vm [line 1,column 1] : ${glPackageExtendedDao} is not a valid reference.
2013-12-25 03:06:43,193 - org.apache.velocity.runtime.exception.ReferenceException: reference : template = om/ControlGenerateJava.vm [line 1,column 1] : ${glPackageBaseDao} is not a valid reference.
2013-12-25 03:06:43,260 - ResourceManager : found om/java/bsbhv/BaseBhv.vm with loader org.apache.velocity.runtime.resource.loader.FileResourceLoader
2013-12-25 03:06:43,419 - ResourceManager : found om/java/bsentity/BaseEntity.vm with loader org.apache.velocity.runtime.resource.loader.FileResourceLoader
2013-12-25 03:06:43,486 - ResourceManager : found om/java/bsentity/dbmeta/DBMetaImpl.vm with loader org.apache.velocity.runtime.resource.loader.FileResourceLoader
2013-12-25 03:06:43,520 - ResourceManager : found om/java/cbean/BsConditionBean.vm with loader org.apache.velocity.runtime.resource.loader.FileResourceLoader
2013-12-25 03:06:43,610 - ResourceManager : found om/java/cbean/AbstractBsConditionQuery.vm with loader org.apache.velocity.runtime.resource.loader.FileResourceLoader
2013-12-25 03:06:43,610 - RHS of #set statement is null. Context will not be modified. om/java/cbean/AbstractBsConditionQuery.vm [line 66, column 1]
2013-12-25 03:06:43,676 - ResourceManager : found om/java/cbean/BsConditionInlineQuery.vm with loader org.apache.velocity.runtime.resource.loader.FileResourceLoader
2013-12-25 03:06:43,677 - RHS of #set statement is null. Context will not be modified. om/java/cbean/BsConditionInlineQuery.vm [line 92, column 1]
2013-12-25 03:06:43,722 - ResourceManager : found om/java/cbean/BsConditionQuery.vm with loader org.apache.velocity.runtime.resource.loader.FileResourceLoader
2013-12-25 03:06:43,723 - RHS of #set statement is null. Context will not be modified. om/java/cbean/BsConditionQuery.vm [line 93, column 1]
2013-12-25 03:06:43,784 - ResourceManager : found om/java/cbean/NestSelectSetupper.vm with loader org.apache.velocity.runtime.resource.loader.FileResourceLoader
2013-12-25 03:06:43,815 - org.apache.velocity.runtime.exception.ReferenceException: reference : template = om/ControlGenerateJava.vm [line 1,column 1] : ${glPackageExtendedDao} is not a valid reference.
2013-12-25 03:06:43,816 - org.apache.velocity.runtime.exception.ReferenceException: reference : template = om/ControlGenerateJava.vm [line 1,column 1] : ${glPackageBaseDao} is not a valid reference.
2013-12-25 03:06:43,850 - ResourceManager : found om/java/bsbhv/BaseBhv.vm with loader org.apache.velocity.runtime.resource.loader.FileResourceLoader
2013-12-25 03:06:43,886 - ResourceManager : found om/java/bsentity/BaseEntity.vm with loader org.apache.velocity.runtime.resource.loader.FileResourceLoader
2013-12-25 03:06:43,920 - ResourceManager : found om/java/bsentity/dbmeta/DBMetaImpl.vm with loader org.apache.velocity.runtime.resource.loader.FileResourceLoader
2013-12-25 03:06:43,943 - ResourceManager : found om/java/cbean/BsConditionBean.vm with loader org.apache.velocity.runtime.resource.loader.FileResourceLoader
2013-12-25 03:06:43,994 - ResourceManager : found om/java/cbean/AbstractBsConditionQuery.vm with loader org.apache.velocity.runtime.resource.loader.FileResourceLoader
2013-12-25 03:06:43,995 - RHS of #set statement is null. Context will not be modified. om/java/cbean/AbstractBsConditionQuery.vm [line 66, column 1]
2013-12-25 03:06:44,008 - RHS of #set statement is null. Context will not be modified. om/java/cbean/AbstractBsConditionQuery.vm [line 66, column 1]
2013-12-25 03:06:44,014 - RHS of #set statement is null. Context will not be modified. om/java/cbean/AbstractBsConditionQuery.vm [line 66, column 1]
2013-12-25 03:06:44,038 - ResourceManager : found om/java/cbean/BsConditionInlineQuery.vm with loader org.apache.velocity.runtime.resource.loader.FileResourceLoader
2013-12-25 03:06:44,038 - RHS of #set statement is null. Context will not be modified. om/java/cbean/BsConditionInlineQuery.vm [line 92, column 1]
2013-12-25 03:06:44,041 - RHS of #set statement is null. Context will not be modified. om/java/cbean/BsConditionInlineQuery.vm [line 92, column 1]
2013-12-25 03:06:44,041 - RHS of #set statement is null. Context will not be modified. om/java/cbean/BsConditionInlineQuery.vm [line 92, column 1]
2013-12-25 03:06:44,067 - ResourceManager : found om/java/cbean/BsConditionQuery.vm with loader org.apache.velocity.runtime.resource.loader.FileResourceLoader
2013-12-25 03:06:44,072 - RHS of #set statement is null. Context will not be modified. om/java/cbean/BsConditionQuery.vm [line 93, column 1]
2013-12-25 03:06:44,075 - RHS of #set statement is null. Context will not be modified. om/java/cbean/BsConditionQuery.vm [line 93, column 1]
2013-12-25 03:06:44,075 - RHS of #set statement is null. Context will not be modified. om/java/cbean/BsConditionQuery.vm [line 93, column 1]
2013-12-25 03:06:44,087 - ResourceManager : found om/java/cbean/NestSelectSetupper.vm with loader org.apache.velocity.runtime.resource.loader.FileResourceLoader
2013-12-25 03:06:44,120 - org.apache.velocity.runtime.exception.ReferenceException: reference : template = om/ControlGenerateJava.vm [line 1,column 1] : ${glPackageExtendedDao} is not a valid reference.
2013-12-25 03:06:44,121 - org.apache.velocity.runtime.exception.ReferenceException: reference : template = om/ControlGenerateJava.vm [line 1,column 1] : ${glPackageBaseDao} is not a valid reference.
2013-12-25 03:06:44,152 - ResourceManager : found om/java/bsbhv/BaseBhv.vm with loader org.apache.velocity.runtime.resource.loader.FileResourceLoader
2013-12-25 03:06:44,221 - ResourceManager : found om/java/bsentity/BaseEntity.vm with loader org.apache.velocity.runtime.resource.loader.FileResourceLoader
2013-12-25 03:06:44,274 - ResourceManager : found om/java/bsentity/dbmeta/DBMetaImpl.vm with loader org.apache.velocity.runtime.resource.loader.FileResourceLoader
2013-12-25 03:06:44,342 - ResourceManager : found om/java/cbean/BsConditionBean.vm with loader org.apache.velocity.runtime.resource.loader.FileResourceLoader
2013-12-25 03:06:44,418 - ResourceManager : found om/java/cbean/AbstractBsConditionQuery.vm with loader org.apache.velocity.runtime.resource.loader.FileResourceLoader
2013-12-25 03:06:44,419 - RHS of #set statement is null. Context will not be modified. om/java/cbean/AbstractBsConditionQuery.vm [line 66, column 1]
2013-12-25 03:06:44,450 - RHS of #set statement is null. Context will not be modified. om/java/cbean/AbstractBsConditionQuery.vm [line 66, column 1]
2013-12-25 03:06:44,453 - RHS of #set statement is null. Context will not be modified. om/java/cbean/AbstractBsConditionQuery.vm [line 66, column 1]
2013-12-25 03:06:44,455 - RHS of #set statement is null. Context will not be modified. om/java/cbean/AbstractBsConditionQuery.vm [line 66, column 1]
2013-12-25 03:06:44,456 - RHS of #set statement is null. Context will not be modified. om/java/cbean/AbstractBsConditionQuery.vm [line 66, column 1]
2013-12-25 03:06:44,473 - ResourceManager : found om/java/cbean/BsConditionInlineQuery.vm with loader org.apache.velocity.runtime.resource.loader.FileResourceLoader
2013-12-25 03:06:44,474 - RHS of #set statement is null. Context will not be modified. om/java/cbean/BsConditionInlineQuery.vm [line 92, column 1]
2013-12-25 03:06:44,486 - RHS of #set statement is null. Context will not be modified. om/java/cbean/BsConditionInlineQuery.vm [line 92, column 1]
2013-12-25 03:06:44,486 - RHS of #set statement is null. Context will not be modified. om/java/cbean/BsConditionInlineQuery.vm [line 92, column 1]
2013-12-25 03:06:44,486 - RHS of #set statement is null. Context will not be modified. om/java/cbean/BsConditionInlineQuery.vm [line 92, column 1]
2013-12-25 03:06:44,486 - RHS of #set statement is null. Context will not be modified. om/java/cbean/BsConditionInlineQuery.vm [line 92, column 1]
2013-12-25 03:06:44,500 - ResourceManager : found om/java/cbean/BsConditionQuery.vm with loader org.apache.velocity.runtime.resource.loader.FileResourceLoader
2013-12-25 03:06:44,501 - RHS of #set statement is null. Context will not be modified. om/java/cbean/BsConditionQuery.vm [line 93, column 1]
2013-12-25 03:06:44,512 - RHS of #set statement is null. Context will not be modified. om/java/cbean/BsConditionQuery.vm [line 93, column 1]
2013-12-25 03:06:44,512 - RHS of #set statement is null. Context will not be modified. om/java/cbean/BsConditionQuery.vm [line 93, column 1]
2013-12-25 03:06:44,512 - RHS of #set statement is null. Context will not be modified. om/java/cbean/BsConditionQuery.vm [line 93, column 1]
2013-12-25 03:06:44,513 - RHS of #set statement is null. Context will not be modified. om/java/cbean/BsConditionQuery.vm [line 93, column 1]
2013-12-25 03:06:44,518 - ResourceManager : found om/java/cbean/NestSelectSetupper.vm with loader org.apache.velocity.runtime.resource.loader.FileResourceLoader
